<?xml version="1.0" encoding="UTF-8"?>
<robot generator="Robot 3.2.2 (Python 3.9.2 on darwin)" generated="20210314 18:22:11.537" rpa="false">
<suite id="s1" name="Amazon" source="/Users/nikitha/PycharmProjects/Amazon-evolution/tests/amazon.robot">
<test id="s1-t1" name="User must sign in to check out">
<kw name="Common.Begin Web Test">
<msg timestamp="20210314 18:22:11.591" level="FAIL">No keyword with name 'Common.Begin Web Test' found.</msg>
<status status="FAIL" starttime="20210314 18:22:11.591" endtime="20210314 18:22:11.591"></status>
</kw>
<doc>This is some basic info about the test</doc>
<tags>
<tag>Smoke</tag>
</tags>
<status status="FAIL" starttime="20210314 18:22:11.586" endtime="20210314 18:22:11.591" critical="yes">No keyword with name 'Common.Begin Web Test' found.</status>
</test>
<doc>This is some basic info about the whole suite</doc>
<status status="FAIL" starttime="20210314 18:22:11.541" endtime="20210314 18:22:11.592"></status>
</suite>
<statistics>
<total>
<stat pass="0" fail="1">Critical Tests</stat>
<stat pass="0" fail="1">All Tests</stat>
</total>
<tag>
<stat pass="0" fail="1">Smoke</stat>
</tag>
<suite>
<stat pass="0" fail="1" id="s1" name="Amazon">Amazon</stat>
</suite>
</statistics>
<errors>
<msg timestamp="20210314 18:22:11.584" level="ERROR">Error in file '/Users/nikitha/PycharmProjects/Amazon-evolution/tests/amazon.robot' on line 3: Resource file 'Resources/Amazon.robot' does not exist.</msg>
<msg timestamp="20210314 18:22:11.585" level="ERROR">Error in file '/Users/nikitha/PycharmProjects/Amazon-evolution/tests/amazon.robot' on line 4: Resource file 'Resources/Common.robot' does not exist.</msg>
</errors>
</robot>
